FILE_TYPE=LIBRARY_PARTS;
PRIMITIVE 'DFE252012F_2R2M=P2';
  PIN
    '1':
      PIN_NUMBER='(1)';
      NO_LOAD_CHECK=BOTH;
      NO_IO_CHECK=BOTH;
      ALLOW_CONNECT=TRUE;
      PINUSE='UNSPEC';
    '2':
      PIN_NUMBER='(2)';
      NO_LOAD_CHECK=BOTH;
      NO_IO_CHECK=BOTH;
      ALLOW_CONNECT=TRUE;
      PINUSE='UNSPEC';
  END_PIN;
  BODY
    PART_NAME='DFE252012F_2R2M=P2';
    PHYS_DES_PREFIX='L';
    NO_LOAD_CHECK='TRUE';
    PIN_COUNT='2';
    BODY_NAME='DFE252012F_2R2M=P2';
    JEDEC_TYPE='DFE2HCAH1R0MJ0L';
  END_BODY;
END_PRIMITIVE;
END.
